build/app/outputs/mapping/release/usage.txt
com.example.diamon_assorter.R$styleable
com.example.diamon_assorter.R$attr
com.example.diamon_assorter.BuildConfig
com.example.diamon_assorter.R
com.example.diamon_assorter.R$integer
com.example.diamon_assorter.R$string
com.example.diamon_assorter.R$color
com.example.diamon_assorter.R$layout
com.example.diamon_assorter.R$drawable
com.example.diamon_assorter.R$mipmap
com.example.diamon_assorter.R$style
com.example.diamon_assorter.R$dimen
com.example.diamon_assorter.R$id
com.example.diamon_assorter.R$xml
...
com.google.common.collect.TreeMultiset$1
com.google.common.primitives.Floats$FloatConverter
com.google.common.collect.ImmutableSortedSet
com.google.common.base.Functions
io.flutter.embedding.engine.mutatorsstack.FlutterMutatorsStack$FlutterMutator:
    public void <init>(io.flutter.embedding.engine.mutatorsstack.FlutterMutatorsStack,android.graphics.Path)
    public io.flutter.embedding.engine.mutatorsstack.FlutterMutatorsStack$FlutterMutatorType getType()
    public android.graphics.Rect getRect()
    public android.graphics.Path getPath()
    private android.graphics.Path path
com.google.common.base.Joiner
io.flutter.embedding.android.FlutterImageView:
    public void <init>(android.content.Context)
    public void <init>(android.content.Context,android.util.AttributeSet)
com.google.common.io.ReaderInputStream
com.google.common.primitives.Shorts$LexicographicalComparator
androidx.annotation.RequiresPermission$Read
com.google.common.escape.Escapers
androidx.versionedparcelable.CustomVersionedParcelable:
    public void onPreParceling(boolean)
    public void onPostParceling()
com.google.common.collect.StandardTable$Column$KeySet
com.google.common.collect.package-info
com.google.common.reflect.Invokable$MethodInvokable
com.google.common.util.concurrent.ExecutionSequencer$2
com.google.common.util.concurrent.Futures$FutureCombiner$1
com.google.common.collect.MapMakerInternalMap$AbstractSerializationProxy
com.google.common.collect.RegularImmutableMultiset
io.flutter.embedding.engine.systemchannels.SettingsChannel:
    private static final java.lang.String TAG
    public static final java.lang.String CHANNEL_NAME
    private static final java.lang.String TEXT_SCALE_FACTOR
    private static final java.lang.String ALWAYS_USE_24_HOUR_FORMAT
    private static final java.lang.String PLATFORM_BRIGHTNESS
com.google.common.io.Resources
com.google.common.graph.Traverser$GraphTraverser$BreadthFirstIterator
com.google.common.collect.AbstractMultiset
com.google.common.io.FileBackedOutputStream$2
androidx.core.hardware.fingerprint.FingerprintManagerCompat$CryptoObject
com.google.common.graph.SuccessorsFunction
com.google.common.reflect.ClassPath$ResourceInfo
com.google.common.collect.ImmutableRangeMap$Builder
com.google.common.collect.Multisets$4$2
com.google.common.collect.ImmutableSortedMap$1EntrySet$1
com.google.common.cache.LocalCache$AccessQueue$1
com.google.common.collect.MapMakerInternalMap$WeakValueEntry
io.flutter.embedding.android.FlutterView$TransparencyMode
androidx.core.view.ScaleGestureDetectorCompat
androidx.core.view.ViewGroupCompat
androidx.core.app.NotificationCompat$CarExtender
org.checkerframework.checker.nullness.compatqual.KeyForDecl
com.google.common.collect.AbstractMapBasedMultimap$WrappedList
androidx.lifecycle.GenericLifecycleObserver
com.google.common.util.concurrent.AbstractService$StateSnapshot
android.support.v4.app.INotificationSideChannel
com.google.common.cache.LocalCache$LoadingSerializationProxy
com.google.common.cache.CacheBuilderSpec$RecordStatsParser
com.google.common.collect.RegularImmutableMultiset$SerializedForm
com.google.common.escape.Platform
androidx.collection.CircularArray
com.google.common.collect.ArrayTable$ArrayMap
androidx.loader.R$color
com.google.errorprone.annotations.NoAllocation
com.google.common.graph.ImmutableValueGraph
androidx.customview.view.AbsSavedState$2
com.google.common.cache.LocalCache$LocalLoadingCache
io.flutter.embedding.android.FlutterFragment$CachedEngineFragmentBuilder
com.google.common.util.concurrent.Striped$5
androidx.savedstate.R
com.google.common.collect.MapMakerInternalMap$StrongKeyDummyValueEntry
androidx.annotation.GuardedBy
androidx.fragment.app.FragmentState$1
androidx.core.R$integer
com.google.common.collect.ImmutableEnumMap$EnumSerializedForm
com.google.common.collect.Synchronized$SynchronizedSortedSetMultimap
com.google.common.primitives.UnsignedBytes$LexicographicalComparatorHolder$UnsafeComparator$1